1614800115915	geckodriver	INFO	Listening on 127.0.0.1:4444
1614800122636	mozrunner::runner	INFO	Running command: "/usr/bin/firefox" "--marionette" "-foreground" "-no-remote" "-profile" "/tmp/rust_mozprofileotamtH"
[GFX1-]: glxtest: libEGL initialize failed
[GFX1-]: More than 1 GPU detected via PCI, cannot deduce vendor
[GFX1-]: PCI candidate 0x1414/0x008e
[GFX1-]: PCI candidate 0x1414/0x008e
console.warn: SearchSettings: "get: No settings file exists, new profile?" (new Error("", "(unknown module)"))
1614800125713	Marionette	INFO	Listening on port 35381
1614800125787	Marionette	ERROR	[15] No reply from Marionette:Register
console.warn: SearchSettings: "get: No settings file exists, new profile?" (new Error("", "(unknown module)"))
JavaScript warning: https://code.jquery.com/jquery-1.10.2.min.js, line 2: Using //@ to indicate sourceMappingURL pragmas is deprecated. Use //# instead
JavaScript warning: https://cdn.playposit.com/static/underscore.backbone.deep-model.moment.styling.magnific-popup.date.format.typeahead.js, line 123: unreachable code after return statement
1614800154637	Marionette	INFO	Stopped listening on port 35381
JavaScript error: chrome://browser/content/browser-customization.js, line 166: NS_ERROR_NOT_INITIALIZED: 
IPDL protocol error: Handler returned error code!

###!!! [Parent][DispatchAsyncMessage] Error: PLayerTransaction::Msg_ReleaseLayer Processing error: message was deserialized, but the handler returned false (indicating failure)

1614800158863	mozrunner::runner	INFO	Running command: "/usr/bin/firefox" "--marionette" "-foreground" "-no-remote" "-profile" "/tmp/rust_mozprofilegEhCGL"
[GFX1-]: glxtest: libEGL initialize failed
[GFX1-]: More than 1 GPU detected via PCI, cannot deduce vendor
[GFX1-]: PCI candidate 0x1414/0x008e
[GFX1-]: PCI candidate 0x1414/0x008e
console.warn: SearchSettings: "get: No settings file exists, new profile?" (new Error("", "(unknown module)"))
1614800161876	Marionette	INFO	Listening on port 37453
1614800161935	Marionette	ERROR	[15] No reply from Marionette:Register
console.warn: SearchSettings: "get: No settings file exists, new profile?" (new Error("", "(unknown module)"))
JavaScript error: resource://activity-stream/lib/ASRouter.jsm, line 987: NS_ERROR_ILLEGAL_VALUE: Component returned failure code: 0x80070057 (NS_ERROR_ILLEGAL_VALUE) [nsIObserverService.removeObserver]
1614800163133	Marionette	INFO	Stopped listening on port 37453
